2020-08-24 10:35:52,995 [DEBUG]  generate_join_sample(single_table=None, relationship_list=['movie_info_idx.movie_id = title.id'], split_condition=None)
2020-08-24 10:35:52,995 [DEBUG]  reading first table 'title'
2020-08-24 10:35:53,804 [DEBUG]  Joining movie_info_idx.movie_id = title.id. Current join size is 2528312.
2020-08-24 10:35:56,143 [DEBUG]  Final join size is 3448422.
2020-08-24 10:36:28,282 [INFO ]  Discretizing table takes 31.921283960342407 secs
2020-08-24 10:36:28,282 [INFO ]  Learning BN optimal structure from data with 3448422.0 rows and 9 cols
2020-08-24 10:36:41,703 [INFO ]  Structure learning took 13.420488834381104 secs.
2020-08-24 10:36:41,711 [INFO ]  Model spec[('title.mul_movie_info.movie_id', 'title.production_year'), ('title.mul_movie_info.movie_id', 'title.mul_movie_info_idx.movie_id_nn'), ('title.kind_id', 'title.mul_movie_info.movie_id'), ('title.mul_movie_info.movie_id', 'title.mul_cast_info.movie_id'), ('title.mul_movie_info.movie_id', 'title.mul_movie_keyword.movie_id'), ('title.mul_movie_info.movie_id', 'title.mul_movie_companies.movie_id'), ('title.mul_movie_info_idx.movie_id_nn', 'movie_info_idx.movie_info_idx_nn'), ('title.mul_movie_info_idx.movie_id_nn', 'movie_info_idx.info_type_id')]
2020-08-24 10:36:41,711 [INFO ]  calling pgm.BayesianModel.fit...
2020-08-24 10:36:46,374 [INFO ]  done, took 4.662393093109131 secs.
2020-08-24 10:36:46,381 [DEBUG]  generate_join_sample(single_table=None, relationship_list=['movie_info.movie_id = title.id'], split_condition=None)
2020-08-24 10:36:46,381 [DEBUG]  reading first table 'movie_info'
2020-08-24 10:36:49,590 [DEBUG]  Joining movie_info.movie_id = title.id. Current join size is 14835720.
2020-08-24 10:37:03,318 [DEBUG]  Final join size is 14883333.
2020-08-24 10:38:41,004 [INFO ]  Discretizing table takes 93.93711113929749 secs
2020-08-24 10:38:41,004 [INFO ]  Learning BN optimal structure from data with 14895207.0 rows and 9 cols
2020-08-24 10:38:58,112 [INFO ]  Structure learning took 17.107651472091675 secs.
2020-08-24 10:38:58,123 [INFO ]  Model spec[('movie_info.movie_info_nn', 'movie_info.info_type_id'), ('title.mul_movie_info.movie_id_nn', 'title.kind_id'), ('title.mul_movie_info.movie_id_nn', 'title.production_year'), ('title.mul_movie_info.movie_id_nn', 'title.mul_movie_info_idx.movie_id'), ('movie_info.info_type_id', 'title.mul_movie_info.movie_id_nn'), ('title.mul_movie_info.movie_id_nn', 'title.mul_cast_info.movie_id'), ('title.mul_movie_info.movie_id_nn', 'title.mul_movie_keyword.movie_id'), ('title.mul_movie_info.movie_id_nn', 'title.mul_movie_companies.movie_id')]
2020-08-24 10:38:58,123 [INFO ]  calling pgm.BayesianModel.fit...
2020-08-24 10:39:13,697 [INFO ]  done, took 15.574076175689697 secs.
2020-08-24 10:39:13,705 [DEBUG]  generate_join_sample(single_table=None, relationship_list=['cast_info.movie_id = title.id'], split_condition=None)
2020-08-24 10:39:13,706 [DEBUG]  reading first table 'cast_info'
2020-08-24 10:39:21,620 [DEBUG]  Joining cast_info.movie_id = title.id. Current join size is 36244344.
2020-08-24 10:40:58,849 [DEBUG]  Final join size is 36306324.
2020-08-24 10:42:34,019 [INFO ]  Discretizing table takes 89.97854828834534 secs
2020-08-24 10:42:34,019 [INFO ]  Learning BN optimal structure from data with 36441055.0 rows and 9 cols
2020-08-24 10:42:49,646 [INFO ]  Structure learning took 15.626750469207764 secs.
2020-08-24 10:42:49,654 [INFO ]  Model spec[('cast_info.cast_info_nn', 'cast_info.role_id'), ('title.mul_movie_info.movie_id', 'title.kind_id'), ('title.mul_movie_info.movie_id', 'title.production_year'), ('title.mul_movie_info.movie_id', 'title.mul_movie_info_idx.movie_id'), ('title.mul_cast_info.movie_id_nn', 'title.mul_movie_info.movie_id'), ('cast_info.role_id', 'title.mul_cast_info.movie_id_nn'), ('title.mul_movie_info.movie_id', 'title.mul_movie_keyword.movie_id'), ('title.mul_movie_info.movie_id', 'title.mul_movie_companies.movie_id')]
2020-08-24 10:42:49,655 [INFO ]  calling pgm.BayesianModel.fit...
2020-08-24 10:43:06,817 [INFO ]  done, took 17.162298440933228 secs.
2020-08-24 10:43:06,825 [DEBUG]  generate_join_sample(single_table=None, relationship_list=['movie_keyword.movie_id = title.id'], split_condition=None)
2020-08-24 10:43:06,825 [DEBUG]  reading first table 'title'
2020-08-24 10:43:07,585 [DEBUG]  Joining movie_keyword.movie_id = title.id. Current join size is 2528312.
2020-08-24 10:43:11,984 [DEBUG]  Final join size is 6575448.
2020-08-24 10:44:11,498 [INFO ]  Discretizing table takes 59.0876350402832 secs
2020-08-24 10:44:11,499 [INFO ]  Learning BN optimal structure from data with 6575448.0 rows and 9 cols
2020-08-24 10:44:25,284 [INFO ]  Structure learning took 13.784861087799072 secs.
2020-08-24 10:44:25,304 [INFO ]  Model spec[('title.mul_movie_info.movie_id', 'title.production_year'), ('title.mul_movie_info.movie_id', 'title.mul_movie_info_idx.movie_id'), ('title.kind_id', 'title.mul_movie_info.movie_id'), ('title.mul_movie_info.movie_id', 'title.mul_cast_info.movie_id'), ('title.mul_movie_info.movie_id', 'title.mul_movie_keyword.movie_id_nn'), ('title.mul_movie_info.movie_id', 'title.mul_movie_companies.movie_id'), ('movie_keyword.keyword_id', 'movie_keyword.movie_keyword_nn'), ('title.mul_movie_keyword.movie_id_nn', 'movie_keyword.keyword_id')]
2020-08-24 10:44:25,305 [INFO ]  calling pgm.BayesianModel.fit...
2020-08-24 10:44:34,421 [INFO ]  done, took 9.11658239364624 secs.
2020-08-24 10:44:34,430 [DEBUG]  generate_join_sample(single_table=None, relationship_list=['movie_companies.movie_id = title.id'], split_condition=None)
2020-08-24 10:44:34,430 [DEBUG]  reading first table 'title'
2020-08-24 10:44:35,207 [DEBUG]  Joining movie_companies.movie_id = title.id. Current join size is 2528312.
2020-08-24 10:44:38,816 [DEBUG]  Final join size is 4050205.
2020-08-24 10:45:17,120 [INFO ]  Discretizing table takes 38.00075173377991 secs
2020-08-24 10:45:17,120 [INFO ]  Learning BN optimal structure from data with 4050205.0 rows and 10 cols
2020-08-24 10:45:30,709 [INFO ]  Structure learning took 13.588715553283691 secs.
2020-08-24 10:45:30,724 [INFO ]  Model spec[('title.mul_movie_info.movie_id', 'title.production_year'), ('title.mul_movie_info.movie_id', 'title.mul_movie_info_idx.movie_id'), ('title.mul_movie_companies.movie_id_nn', 'title.mul_movie_info.movie_id'), ('title.mul_movie_info.movie_id', 'title.mul_cast_info.movie_id'), ('title.mul_movie_info.movie_id', 'title.mul_movie_keyword.movie_id'), ('movie_companies.company_id', 'title.mul_movie_companies.movie_id_nn'), ('movie_companies.company_type_id', 'movie_companies.movie_companies_nn'), ('title.kind_id', 'movie_companies.company_id'), ('movie_companies.company_id', 'movie_companies.company_type_id')]
2020-08-24 10:45:30,724 [INFO ]  calling pgm.BayesianModel.fit...
2020-08-24 10:45:36,919 [INFO ]  done, took 6.19425106048584 secs.
