2022-05-05 20:30:57,503 [INFO ]  Generating HDF files for tables in /home/ubuntu/End-to-End-CardEst-Benchmark/datasets/stats_simplified and store to path /home/ubuntu/End-to-End-CardEst-Benchmark/datasets/stats_simplified/gen_hdf
2022-05-05 20:30:57,503 [INFO ]  Removing target path /home/ubuntu/End-to-End-CardEst-Benchmark/datasets/stats_simplified/gen_hdf
2022-05-05 20:30:57,509 [INFO ]  Making target path /home/ubuntu/End-to-End-CardEst-Benchmark/datasets/stats_simplified/gen_hdf
2022-05-05 20:30:57,509 [INFO ]  Preparing hdf file for table badges
2022-05-05 20:30:57,584 [INFO ]  Managing functional dependencies for table badges
2022-05-05 20:30:57,586 [INFO ]  Preparing multipliers for table badges
2022-05-05 20:30:57,589 [INFO ]  Preparing categorical values and null values for table badges
2022-05-05 20:30:57,589 [DEBUG]  		Preparing categorical values for column UserId
2022-05-05 20:30:57,623 [DEBUG]  		Preparing categorical values for column Date
2022-05-05 20:30:57,663 [INFO ]  Relevant attributes for table badges are ['UserId', 'Date']
2022-05-05 20:30:57,664 [INFO ]  NULL values for table badges are [0, 0]
2022-05-05 20:30:57,677 [INFO ]  Note: NumExpr detected 20 cores but "NUMEXPR_MAX_THREADS" not set, so enforcing safe limit of 8.
2022-05-05 20:30:57,699 [INFO ]  Adding table parts without join partners for table badges
2022-05-05 20:30:57,700 [INFO ]  Preparing hdf file for table votes
2022-05-05 20:30:58,004 [INFO ]  Managing functional dependencies for table votes
2022-05-05 20:30:58,028 [INFO ]  Preparing multipliers for table votes
2022-05-05 20:30:58,048 [INFO ]  Preparing categorical values and null values for table votes
2022-05-05 20:30:58,048 [DEBUG]  		Preparing categorical values for column PostId
2022-05-05 20:30:58,203 [DEBUG]  		Preparing categorical values for column VoteTypeId
2022-05-05 20:30:58,305 [DEBUG]  		Preparing categorical values for column CreationDate
2022-05-05 20:30:58,410 [DEBUG]  		Preparing categorical values for column UserId
2022-05-05 20:30:58,496 [DEBUG]  		Preparing categorical values for column BountyAmount
2022-05-05 20:30:58,576 [INFO ]  Relevant attributes for table votes are ['PostId', 'VoteTypeId', 'CreationDate', 'UserId', 'BountyAmount']
2022-05-05 20:30:58,577 [INFO ]  NULL values for table votes are [0, 0, 0, 0, 0]
2022-05-05 20:30:58,617 [INFO ]  Adding table parts without join partners for table votes
2022-05-05 20:30:58,619 [INFO ]  Preparing hdf file for table postHistory
2022-05-05 20:30:58,871 [INFO ]  Managing functional dependencies for table postHistory
2022-05-05 20:30:58,882 [INFO ]  Preparing multipliers for table postHistory
2022-05-05 20:30:58,900 [INFO ]  Preparing categorical values and null values for table postHistory
2022-05-05 20:30:58,901 [DEBUG]  		Preparing categorical values for column PostHistoryTypeId
2022-05-05 20:30:58,999 [DEBUG]  		Preparing categorical values for column PostId
2022-05-05 20:30:59,122 [DEBUG]  		Preparing categorical values for column CreationDate
2022-05-05 20:30:59,275 [DEBUG]  		Preparing categorical values for column UserId
2022-05-05 20:30:59,372 [INFO ]  Relevant attributes for table postHistory are ['PostHistoryTypeId', 'PostId', 'CreationDate', 'UserId']
2022-05-05 20:30:59,372 [INFO ]  NULL values for table postHistory are [0, 0, 0, 0]
2022-05-05 20:30:59,407 [INFO ]  Adding table parts without join partners for table postHistory
2022-05-05 20:30:59,407 [INFO ]  Preparing hdf file for table posts
2022-05-05 20:30:59,548 [INFO ]  Managing functional dependencies for table posts
2022-05-05 20:30:59,553 [INFO ]  Preparing multipliers for table posts
2022-05-05 20:30:59,554 [INFO ]  Preparing multiplier comments.PostId = posts.Id for table posts
2022-05-05 20:31:00,189 [INFO ]  Preparing multiplier tags.ExcerptPostId = posts.Id for table posts
2022-05-05 20:31:00,454 [INFO ]  Preparing multiplier postLinks.PostId = posts.Id for table posts
2022-05-05 20:31:00,745 [INFO ]  Preparing multiplier postLinks.RelatedPostId = posts.Id for table posts
2022-05-05 20:31:01,047 [INFO ]  Preparing multiplier postHistory.PostId = posts.Id for table posts
2022-05-05 20:31:01,864 [INFO ]  Preparing multiplier votes.PostId = posts.Id for table posts
2022-05-05 20:31:02,713 [INFO ]  Preparing categorical values and null values for table posts
2022-05-05 20:31:02,713 [DEBUG]  		Preparing categorical values for column Id
2022-05-05 20:31:02,772 [DEBUG]  		Preparing categorical values for column PostTypeId
2022-05-05 20:31:02,804 [DEBUG]  		Preparing categorical values for column CreationDate
2022-05-05 20:31:02,859 [DEBUG]  		Preparing categorical values for column Score
2022-05-05 20:31:02,890 [DEBUG]  		Preparing categorical values for column ViewCount
2022-05-05 20:31:02,922 [DEBUG]  		Preparing categorical values for column OwnerUserId
2022-05-05 20:31:02,956 [DEBUG]  		Preparing categorical values for column AnswerCount
2022-05-05 20:31:02,986 [DEBUG]  		Preparing categorical values for column CommentCount
2022-05-05 20:31:03,015 [DEBUG]  		Preparing categorical values for column FavoriteCount
2022-05-05 20:31:03,042 [DEBUG]  		Preparing numerical values for column mul_comments.PostId
2022-05-05 20:31:03,044 [DEBUG]  		Preparing numerical values for column mul_comments.PostId_nn
2022-05-05 20:31:03,046 [DEBUG]  		Preparing numerical values for column mul_tags.ExcerptPostId
2022-05-05 20:31:03,048 [DEBUG]  		Preparing numerical values for column mul_tags.ExcerptPostId_nn
2022-05-05 20:31:03,050 [DEBUG]  		Preparing numerical values for column mul_postLinks.PostId
2022-05-05 20:31:03,053 [DEBUG]  		Preparing numerical values for column mul_postLinks.PostId_nn
2022-05-05 20:31:03,055 [DEBUG]  		Preparing numerical values for column mul_postLinks.RelatedPostId
2022-05-05 20:31:03,057 [DEBUG]  		Preparing numerical values for column mul_postLinks.RelatedPostId_nn
2022-05-05 20:31:03,059 [DEBUG]  		Preparing numerical values for column mul_postHistory.PostId
2022-05-05 20:31:03,061 [DEBUG]  		Preparing numerical values for column mul_postHistory.PostId_nn
2022-05-05 20:31:03,063 [DEBUG]  		Preparing numerical values for column mul_votes.PostId
2022-05-05 20:31:03,065 [DEBUG]  		Preparing numerical values for column mul_votes.PostId_nn
2022-05-05 20:31:03,067 [INFO ]  Relevant attributes for table posts are ['Id', 'PostTypeId', 'CreationDate', 'Score', 'ViewCount', 'OwnerUserId', 'AnswerCount', 'CommentCount', 'FavoriteCount', 'mul_comments.PostId', 'mul_comments.PostId_nn', 'mul_tags.ExcerptPostId', 'mul_tags.ExcerptPostId_nn', 'mul_postLinks.PostId', 'mul_postLinks.PostId_nn', 'mul_postLinks.RelatedPostId', 'mul_postLinks.RelatedPostId_nn', 'mul_postHistory.PostId', 'mul_postHistory.PostId_nn', 'mul_votes.PostId', 'mul_votes.PostId_nn']
2022-05-05 20:31:03,067 [INFO ]  NULL values for table posts are [0, 0, 0, 0, 0, 0, 0, 0, 0, -100001.83429767986, -100002.27023275058, -100000.0001, -100001.0001, -100000.08119636105, -100001.02433431945, -100000.10984482752, -100001.06136531633, -100002.36126637855, -100002.62248385683, -100002.01783269404, -100002.49943135458]
2022-05-05 20:31:03,124 [INFO ]  Adding table parts without join partners for table posts
2022-05-05 20:31:03,124 [INFO ]  Adding table parts without join partners for table posts and relationship comments.PostId = posts.Id
