2022-05-05 20:15:08,476 [INFO ]  Generating HDF files for tables in /home/ubuntu/End-to-End-CardEst-Benchmark/datasets/stats_simplified and store to path /home/ubuntu/End-to-End-CardEst-Benchmark/datasets/stats_simplified/gen_hdf
2022-05-05 20:15:08,477 [INFO ]  Removing target path /home/ubuntu/End-to-End-CardEst-Benchmark/datasets/stats_simplified/gen_hdf
2022-05-05 20:15:08,482 [INFO ]  Making target path /home/ubuntu/End-to-End-CardEst-Benchmark/datasets/stats_simplified/gen_hdf
2022-05-05 20:15:08,482 [INFO ]  Preparing hdf file for table badges
2022-05-05 20:15:08,562 [INFO ]  Managing functional dependencies for table badges
2022-05-05 20:15:08,564 [INFO ]  Preparing multipliers for table badges
2022-05-05 20:15:08,567 [INFO ]  Preparing categorical values and null values for table badges
2022-05-05 20:15:08,567 [DEBUG]  		Preparing categorical values for column UserId
2022-05-05 20:15:08,572 [INFO ]  Ignoring column UserId for table badges because there are too many categorical values
2022-05-05 20:15:08,573 [DEBUG]  		Preparing categorical values for column Date
2022-05-05 20:15:08,580 [INFO ]  Ignoring column Date for table badges because there are too many categorical values
2022-05-05 20:15:08,580 [INFO ]  Relevant attributes for table badges are []
2022-05-05 20:15:08,580 [INFO ]  NULL values for table badges are []
2022-05-05 20:15:08,593 [INFO ]  Note: NumExpr detected 20 cores but "NUMEXPR_MAX_THREADS" not set, so enforcing safe limit of 8.
2022-05-05 20:15:08,611 [INFO ]  Adding table parts without join partners for table badges
2022-05-05 20:15:08,613 [INFO ]  Preparing hdf file for table votes
2022-05-05 20:15:08,942 [INFO ]  Managing functional dependencies for table votes
2022-05-05 20:15:08,968 [INFO ]  Preparing multipliers for table votes
2022-05-05 20:15:08,988 [INFO ]  Preparing categorical values and null values for table votes
2022-05-05 20:15:08,989 [DEBUG]  		Preparing categorical values for column PostId
2022-05-05 20:15:09,007 [INFO ]  Ignoring column PostId for table votes because there are too many categorical values
2022-05-05 20:15:09,007 [DEBUG]  		Preparing categorical values for column VoteTypeId
2022-05-05 20:15:09,120 [DEBUG]  		Preparing categorical values for column CreationDate
2022-05-05 20:15:09,231 [DEBUG]  		Preparing categorical values for column UserId
2022-05-05 20:15:09,322 [DEBUG]  		Preparing categorical values for column BountyAmount
2022-05-05 20:15:09,403 [INFO ]  Relevant attributes for table votes are ['VoteTypeId', 'CreationDate', 'UserId', 'BountyAmount']
2022-05-05 20:15:09,403 [INFO ]  NULL values for table votes are [0, 0, 0, 0]
2022-05-05 20:15:09,436 [INFO ]  Adding table parts without join partners for table votes
2022-05-05 20:15:09,438 [INFO ]  Preparing hdf file for table postHistory
2022-05-05 20:15:09,692 [INFO ]  Managing functional dependencies for table postHistory
2022-05-05 20:15:09,702 [INFO ]  Preparing multipliers for table postHistory
2022-05-05 20:15:09,720 [INFO ]  Preparing categorical values and null values for table postHistory
2022-05-05 20:15:09,721 [DEBUG]  		Preparing categorical values for column PostHistoryTypeId
2022-05-05 20:15:09,818 [DEBUG]  		Preparing categorical values for column PostId
2022-05-05 20:15:09,833 [INFO ]  Ignoring column PostId for table postHistory because there are too many categorical values
2022-05-05 20:15:09,833 [DEBUG]  		Preparing categorical values for column CreationDate
2022-05-05 20:15:09,857 [INFO ]  Ignoring column CreationDate for table postHistory because there are too many categorical values
2022-05-05 20:15:09,858 [DEBUG]  		Preparing categorical values for column UserId
2022-05-05 20:15:09,876 [INFO ]  Ignoring column UserId for table postHistory because there are too many categorical values
2022-05-05 20:15:09,876 [INFO ]  Relevant attributes for table postHistory are ['PostHistoryTypeId']
2022-05-05 20:15:09,876 [INFO ]  NULL values for table postHistory are [0]
2022-05-05 20:15:09,894 [INFO ]  Adding table parts without join partners for table postHistory
2022-05-05 20:15:09,895 [INFO ]  Preparing hdf file for table posts
2022-05-05 20:15:10,038 [INFO ]  Managing functional dependencies for table posts
2022-05-05 20:15:10,043 [INFO ]  Preparing multipliers for table posts
2022-05-05 20:15:10,043 [INFO ]  Preparing multiplier comments.PostId = posts.Id for table posts
2022-05-05 20:15:10,658 [INFO ]  Preparing multiplier tags.ExcerptPostId = posts.Id for table posts
2022-05-05 20:15:10,920 [INFO ]  Preparing multiplier postLinks.PostId = posts.Id for table posts
2022-05-05 20:15:11,210 [INFO ]  Preparing multiplier postLinks.RelatedPostId = posts.Id for table posts
2022-05-05 20:15:11,498 [INFO ]  Preparing multiplier postHistory.PostId = posts.Id for table posts
2022-05-05 20:15:12,271 [INFO ]  Preparing multiplier votes.PostId = posts.Id for table posts
2022-05-05 20:15:13,078 [INFO ]  Preparing categorical values and null values for table posts
2022-05-05 20:15:13,078 [DEBUG]  		Preparing categorical values for column Id
2022-05-05 20:15:13,089 [INFO ]  Ignoring column Id for table posts because there are too many categorical values
2022-05-05 20:15:13,089 [DEBUG]  		Preparing categorical values for column PostTypeId
2022-05-05 20:15:13,123 [DEBUG]  		Preparing categorical values for column CreationDate
2022-05-05 20:15:13,135 [INFO ]  Ignoring column CreationDate for table posts because there are too many categorical values
2022-05-05 20:15:13,135 [DEBUG]  		Preparing categorical values for column Score
2022-05-05 20:15:13,169 [DEBUG]  		Preparing categorical values for column ViewCount
2022-05-05 20:15:13,204 [DEBUG]  		Preparing categorical values for column OwnerUserId
2022-05-05 20:15:13,211 [INFO ]  Ignoring column OwnerUserId for table posts because there are too many categorical values
2022-05-05 20:15:13,211 [DEBUG]  		Preparing categorical values for column AnswerCount
2022-05-05 20:15:13,245 [DEBUG]  		Preparing categorical values for column CommentCount
2022-05-05 20:15:13,276 [DEBUG]  		Preparing categorical values for column FavoriteCount
2022-05-05 20:15:13,306 [DEBUG]  		Preparing numerical values for column mul_comments.PostId
2022-05-05 20:15:13,309 [DEBUG]  		Preparing numerical values for column mul_comments.PostId_nn
2022-05-05 20:15:13,311 [DEBUG]  		Preparing numerical values for column mul_tags.ExcerptPostId
2022-05-05 20:15:13,313 [DEBUG]  		Preparing numerical values for column mul_tags.ExcerptPostId_nn
2022-05-05 20:15:13,315 [DEBUG]  		Preparing numerical values for column mul_postLinks.PostId
2022-05-05 20:15:13,317 [DEBUG]  		Preparing numerical values for column mul_postLinks.PostId_nn
2022-05-05 20:15:13,319 [DEBUG]  		Preparing numerical values for column mul_postLinks.RelatedPostId
2022-05-05 20:15:13,321 [DEBUG]  		Preparing numerical values for column mul_postLinks.RelatedPostId_nn
2022-05-05 20:15:13,324 [DEBUG]  		Preparing numerical values for column mul_postHistory.PostId
2022-05-05 20:15:13,326 [DEBUG]  		Preparing numerical values for column mul_postHistory.PostId_nn
2022-05-05 20:15:13,328 [DEBUG]  		Preparing numerical values for column mul_votes.PostId
2022-05-05 20:15:13,330 [DEBUG]  		Preparing numerical values for column mul_votes.PostId_nn
2022-05-05 20:15:13,332 [INFO ]  Relevant attributes for table posts are ['PostTypeId', 'Score', 'ViewCount', 'AnswerCount', 'CommentCount', 'FavoriteCount', 'mul_comments.PostId', 'mul_comments.PostId_nn', 'mul_tags.ExcerptPostId', 'mul_tags.ExcerptPostId_nn', 'mul_postLinks.PostId', 'mul_postLinks.PostId_nn', 'mul_postLinks.RelatedPostId', 'mul_postLinks.RelatedPostId_nn', 'mul_postHistory.PostId', 'mul_postHistory.PostId_nn', 'mul_votes.PostId', 'mul_votes.PostId_nn']
2022-05-05 20:15:13,332 [INFO ]  NULL values for table posts are [0, 0, 0, 0, 0, 0, -100001.83429767986, -100002.27023275058, -100000.0001, -100001.0001, -100000.08119636105, -100001.02433431945, -100000.10984482752, -100001.06136531633, -100002.36126637855, -100002.62248385683, -100002.01783269404, -100002.49943135458]
2022-05-05 20:15:13,385 [INFO ]  Adding table parts without join partners for table posts
2022-05-05 20:15:13,386 [INFO ]  Adding table parts without join partners for table posts and relationship comments.PostId = posts.Id
