2022-05-05 20:32:15,271 [INFO ]  Generating HDF files for tables in /home/ubuntu/End-to-End-CardEst-Benchmark/datasets/stats_simplified and store to path /home/ubuntu/End-to-End-CardEst-Benchmark/datasets/stats_simplified/gen_hdf
2022-05-05 20:32:15,271 [INFO ]  Removing target path /home/ubuntu/End-to-End-CardEst-Benchmark/datasets/stats_simplified/gen_hdf
2022-05-05 20:32:15,280 [INFO ]  Making target path /home/ubuntu/End-to-End-CardEst-Benchmark/datasets/stats_simplified/gen_hdf
2022-05-05 20:32:15,280 [INFO ]  Preparing hdf file for table badges
2022-05-05 20:32:15,354 [INFO ]  Managing functional dependencies for table badges
2022-05-05 20:32:15,358 [INFO ]  Preparing multipliers for table badges
2022-05-05 20:32:15,361 [INFO ]  Preparing categorical values and null values for table badges
2022-05-05 20:32:15,361 [DEBUG]  		Preparing categorical values for column Id
2022-05-05 20:32:15,409 [DEBUG]  		Preparing categorical values for column UserId
2022-05-05 20:32:15,444 [DEBUG]  		Preparing categorical values for column Date
2022-05-05 20:32:15,487 [INFO ]  Relevant attributes for table badges are ['Id', 'UserId', 'Date']
2022-05-05 20:32:15,487 [INFO ]  NULL values for table badges are [0, 0, 0]
2022-05-05 20:32:15,501 [INFO ]  Note: NumExpr detected 20 cores but "NUMEXPR_MAX_THREADS" not set, so enforcing safe limit of 8.
2022-05-05 20:32:15,523 [INFO ]  Adding table parts without join partners for table badges
2022-05-05 20:32:15,523 [INFO ]  Preparing hdf file for table votes
2022-05-05 20:32:15,810 [INFO ]  Managing functional dependencies for table votes
2022-05-05 20:32:15,843 [INFO ]  Preparing multipliers for table votes
2022-05-05 20:32:15,864 [INFO ]  Preparing categorical values and null values for table votes
2022-05-05 20:32:15,864 [DEBUG]  		Preparing categorical values for column Id
2022-05-05 20:32:16,111 [DEBUG]  		Preparing categorical values for column PostId
2022-05-05 20:32:16,269 [DEBUG]  		Preparing categorical values for column VoteTypeId
2022-05-05 20:32:16,372 [DEBUG]  		Preparing categorical values for column CreationDate
2022-05-05 20:32:16,480 [DEBUG]  		Preparing categorical values for column UserId
2022-05-05 20:32:16,568 [DEBUG]  		Preparing categorical values for column BountyAmount
2022-05-05 20:32:16,649 [INFO ]  Relevant attributes for table votes are ['Id', 'PostId', 'VoteTypeId', 'CreationDate', 'UserId', 'BountyAmount']
2022-05-05 20:32:16,649 [INFO ]  NULL values for table votes are [0, 0, 0, 0, 0, 0]
2022-05-05 20:32:16,692 [INFO ]  Adding table parts without join partners for table votes
2022-05-05 20:32:16,692 [INFO ]  Preparing hdf file for table postHistory
2022-05-05 20:32:16,930 [INFO ]  Managing functional dependencies for table postHistory
2022-05-05 20:32:16,956 [INFO ]  Preparing multipliers for table postHistory
2022-05-05 20:32:16,975 [INFO ]  Preparing categorical values and null values for table postHistory
2022-05-05 20:32:16,975 [DEBUG]  		Preparing categorical values for column Id
2022-05-05 20:32:17,165 [DEBUG]  		Preparing categorical values for column PostHistoryTypeId
2022-05-05 20:32:17,262 [DEBUG]  		Preparing categorical values for column PostId
2022-05-05 20:32:17,387 [DEBUG]  		Preparing categorical values for column CreationDate
2022-05-05 20:32:17,544 [DEBUG]  		Preparing categorical values for column UserId
2022-05-05 20:32:17,640 [INFO ]  Relevant attributes for table postHistory are ['Id', 'PostHistoryTypeId', 'PostId', 'CreationDate', 'UserId']
2022-05-05 20:32:17,640 [INFO ]  NULL values for table postHistory are [0, 0, 0, 0, 0]
2022-05-05 20:32:17,675 [INFO ]  Adding table parts without join partners for table postHistory
2022-05-05 20:32:17,676 [INFO ]  Preparing hdf file for table posts
2022-05-05 20:32:17,814 [INFO ]  Managing functional dependencies for table posts
2022-05-05 20:32:17,820 [INFO ]  Preparing multipliers for table posts
2022-05-05 20:32:17,820 [INFO ]  Preparing multiplier comments.PostId = posts.Id for table posts
2022-05-05 20:32:18,467 [INFO ]  Preparing multiplier tags.ExcerptPostId = posts.Id for table posts
2022-05-05 20:32:18,732 [INFO ]  Preparing multiplier postLinks.PostId = posts.Id for table posts
2022-05-05 20:32:19,015 [INFO ]  Preparing multiplier postLinks.RelatedPostId = posts.Id for table posts
2022-05-05 20:32:19,310 [INFO ]  Preparing multiplier postHistory.PostId = posts.Id for table posts
2022-05-05 20:32:20,109 [INFO ]  Preparing multiplier votes.PostId = posts.Id for table posts
2022-05-05 20:32:20,951 [INFO ]  Preparing categorical values and null values for table posts
2022-05-05 20:32:20,952 [DEBUG]  		Preparing categorical values for column Id
2022-05-05 20:32:21,006 [DEBUG]  		Preparing categorical values for column PostTypeId
2022-05-05 20:32:21,039 [DEBUG]  		Preparing categorical values for column CreationDate
2022-05-05 20:32:21,092 [DEBUG]  		Preparing categorical values for column Score
2022-05-05 20:32:21,122 [DEBUG]  		Preparing categorical values for column ViewCount
2022-05-05 20:32:21,154 [DEBUG]  		Preparing categorical values for column OwnerUserId
2022-05-05 20:32:21,189 [DEBUG]  		Preparing categorical values for column AnswerCount
2022-05-05 20:32:21,219 [DEBUG]  		Preparing categorical values for column CommentCount
2022-05-05 20:32:21,248 [DEBUG]  		Preparing categorical values for column FavoriteCount
2022-05-05 20:32:21,275 [DEBUG]  		Preparing numerical values for column mul_comments.PostId
2022-05-05 20:32:21,277 [DEBUG]  		Preparing numerical values for column mul_comments.PostId_nn
2022-05-05 20:32:21,280 [DEBUG]  		Preparing numerical values for column mul_tags.ExcerptPostId
2022-05-05 20:32:21,282 [DEBUG]  		Preparing numerical values for column mul_tags.ExcerptPostId_nn
2022-05-05 20:32:21,284 [DEBUG]  		Preparing numerical values for column mul_postLinks.PostId
2022-05-05 20:32:21,286 [DEBUG]  		Preparing numerical values for column mul_postLinks.PostId_nn
2022-05-05 20:32:21,288 [DEBUG]  		Preparing numerical values for column mul_postLinks.RelatedPostId
2022-05-05 20:32:21,290 [DEBUG]  		Preparing numerical values for column mul_postLinks.RelatedPostId_nn
2022-05-05 20:32:21,292 [DEBUG]  		Preparing numerical values for column mul_postHistory.PostId
2022-05-05 20:32:21,294 [DEBUG]  		Preparing numerical values for column mul_postHistory.PostId_nn
2022-05-05 20:32:21,296 [DEBUG]  		Preparing numerical values for column mul_votes.PostId
2022-05-05 20:32:21,298 [DEBUG]  		Preparing numerical values for column mul_votes.PostId_nn
2022-05-05 20:32:21,300 [INFO ]  Relevant attributes for table posts are ['Id', 'PostTypeId', 'CreationDate', 'Score', 'ViewCount', 'OwnerUserId', 'AnswerCount', 'CommentCount', 'FavoriteCount', 'mul_comments.PostId', 'mul_comments.PostId_nn', 'mul_tags.ExcerptPostId', 'mul_tags.ExcerptPostId_nn', 'mul_postLinks.PostId', 'mul_postLinks.PostId_nn', 'mul_postLinks.RelatedPostId', 'mul_postLinks.RelatedPostId_nn', 'mul_postHistory.PostId', 'mul_postHistory.PostId_nn', 'mul_votes.PostId', 'mul_votes.PostId_nn']
2022-05-05 20:32:21,300 [INFO ]  NULL values for table posts are [0, 0, 0, 0, 0, 0, 0, 0, 0, -100001.83429767986, -100002.27023275058, -100000.0001, -100001.0001, -100000.08119636105, -100001.02433431945, -100000.10984482752, -100001.06136531633, -100002.36126637855, -100002.62248385683, -100002.01783269404, -100002.49943135458]
2022-05-05 20:32:21,348 [INFO ]  Adding table parts without join partners for table posts
2022-05-05 20:32:21,348 [INFO ]  Adding table parts without join partners for table posts and relationship comments.PostId = posts.Id
2022-05-05 20:32:21,831 [INFO ]  Adding table parts without join partners for table posts and relationship tags.ExcerptPostId = posts.Id
