2022-05-05 20:02:09,220 [INFO ]  Generating HDF files for tables in /home/ubuntu/End-to-End-CardEst-Benchmark/datasets/stats_simplified and store to path /home/ubuntu/End-to-End-CardEst-Benchmark/datasets/stats_simplified/gen_hdf
2022-05-05 20:02:09,221 [INFO ]  Removing target path /home/ubuntu/End-to-End-CardEst-Benchmark/datasets/stats_simplified/gen_hdf
2022-05-05 20:02:09,230 [INFO ]  Making target path /home/ubuntu/End-to-End-CardEst-Benchmark/datasets/stats_simplified/gen_hdf
2022-05-05 20:02:09,231 [INFO ]  Preparing hdf file for table badges
2022-05-05 20:02:09,305 [INFO ]  Managing functional dependencies for table badges
2022-05-05 20:02:09,306 [INFO ]  Preparing multipliers for table badges
2022-05-05 20:02:09,309 [INFO ]  Preparing categorical values and null values for table badges
2022-05-05 20:02:09,309 [DEBUG]  		Preparing categorical values for column UserId
2022-05-05 20:02:09,314 [INFO ]  Ignoring column UserId for table badges because there are too many categorical values
2022-05-05 20:02:09,314 [DEBUG]  		Preparing categorical values for column Date
2022-05-05 20:02:09,320 [INFO ]  Ignoring column Date for table badges because there are too many categorical values
2022-05-05 20:02:09,320 [INFO ]  Relevant attributes for table badges are []
2022-05-05 20:02:09,320 [INFO ]  NULL values for table badges are []
2022-05-05 20:02:09,334 [INFO ]  Note: NumExpr detected 20 cores but "NUMEXPR_MAX_THREADS" not set, so enforcing safe limit of 8.
2022-05-05 20:02:09,348 [INFO ]  Adding table parts without join partners for table badges
2022-05-05 20:02:09,350 [INFO ]  Preparing hdf file for table votes
2022-05-05 20:02:09,645 [INFO ]  Managing functional dependencies for table votes
2022-05-05 20:02:09,668 [INFO ]  Preparing multipliers for table votes
2022-05-05 20:02:09,688 [INFO ]  Preparing categorical values and null values for table votes
2022-05-05 20:02:09,688 [DEBUG]  		Preparing categorical values for column PostId
2022-05-05 20:02:09,706 [INFO ]  Ignoring column PostId for table votes because there are too many categorical values
2022-05-05 20:02:09,707 [DEBUG]  		Preparing categorical values for column VoteTypeId
2022-05-05 20:02:09,817 [DEBUG]  		Preparing categorical values for column CreationDate
2022-05-05 20:02:09,927 [DEBUG]  		Preparing categorical values for column UserId
2022-05-05 20:02:10,018 [DEBUG]  		Preparing categorical values for column BountyAmount
2022-05-05 20:02:10,100 [INFO ]  Relevant attributes for table votes are ['VoteTypeId', 'CreationDate', 'UserId', 'BountyAmount']
2022-05-05 20:02:10,100 [INFO ]  NULL values for table votes are [0, 0, 0, 0]
2022-05-05 20:02:10,281 [INFO ]  Adding table parts without join partners for table votes
2022-05-05 20:02:10,282 [INFO ]  Preparing hdf file for table postHistory
2022-05-05 20:02:10,682 [INFO ]  Managing functional dependencies for table postHistory
2022-05-05 20:02:10,700 [INFO ]  Preparing multipliers for table postHistory
2022-05-05 20:02:10,731 [INFO ]  Preparing categorical values and null values for table postHistory
2022-05-05 20:02:10,732 [DEBUG]  		Preparing categorical values for column PostHistoryTypeId
2022-05-05 20:02:10,870 [DEBUG]  		Preparing categorical values for column PostId
2022-05-05 20:02:10,893 [INFO ]  Ignoring column PostId for table postHistory because there are too many categorical values
2022-05-05 20:02:10,893 [DEBUG]  		Preparing categorical values for column CreationDate
2022-05-05 20:02:10,932 [INFO ]  Ignoring column CreationDate for table postHistory because there are too many categorical values
2022-05-05 20:02:10,933 [DEBUG]  		Preparing categorical values for column UserId
2022-05-05 20:02:10,959 [INFO ]  Ignoring column UserId for table postHistory because there are too many categorical values
2022-05-05 20:02:10,959 [INFO ]  Relevant attributes for table postHistory are ['PostHistoryTypeId']
2022-05-05 20:02:10,959 [INFO ]  NULL values for table postHistory are [0]
2022-05-05 20:02:11,162 [INFO ]  Adding table parts without join partners for table postHistory
2022-05-05 20:02:11,165 [INFO ]  Preparing hdf file for table posts
2022-05-05 20:02:11,415 [INFO ]  Managing functional dependencies for table posts
2022-05-05 20:02:11,422 [INFO ]  Preparing multipliers for table posts
2022-05-05 20:02:11,422 [INFO ]  Preparing multiplier comments.PostId = posts.Id for table posts
2022-05-05 20:02:12,196 [INFO ]  Preparing multiplier tags.ExcerptPostId = posts.Id for table posts
2022-05-05 20:02:12,460 [INFO ]  Preparing multiplier postLinks.PostId = posts.Id for table posts
2022-05-05 20:02:12,753 [INFO ]  Preparing multiplier postLinks.RelatedPostId = posts.Id for table posts
2022-05-05 20:02:13,047 [INFO ]  Preparing multiplier postHistory.PostId = posts.Id for table posts
2022-05-05 20:02:13,822 [INFO ]  Preparing multiplier votes.PostId = posts.Id for table posts
2022-05-05 20:02:14,655 [INFO ]  Preparing categorical values and null values for table posts
2022-05-05 20:02:14,657 [DEBUG]  		Preparing categorical values for column Id
2022-05-05 20:02:14,668 [INFO ]  Ignoring column Id for table posts because there are too many categorical values
2022-05-05 20:02:14,668 [DEBUG]  		Preparing categorical values for column PostTypeId
2022-05-05 20:02:14,702 [DEBUG]  		Preparing categorical values for column CreationDate
2022-05-05 20:02:14,714 [INFO ]  Ignoring column CreationDate for table posts because there are too many categorical values
2022-05-05 20:02:14,715 [DEBUG]  		Preparing categorical values for column Score
2022-05-05 20:02:14,748 [DEBUG]  		Preparing categorical values for column ViewCount
2022-05-05 20:02:14,784 [DEBUG]  		Preparing categorical values for column OwnerUserId
2022-05-05 20:02:14,790 [INFO ]  Ignoring column OwnerUserId for table posts because there are too many categorical values
2022-05-05 20:02:14,790 [DEBUG]  		Preparing categorical values for column AnswerCount
2022-05-05 20:02:14,824 [DEBUG]  		Preparing categorical values for column CommentCount
2022-05-05 20:02:14,856 [DEBUG]  		Preparing categorical values for column FavoriteCount
2022-05-05 20:02:14,885 [DEBUG]  		Preparing numerical values for column mul_comments.PostId
2022-05-05 20:02:14,888 [DEBUG]  		Preparing numerical values for column mul_comments.PostId_nn
2022-05-05 20:02:14,890 [DEBUG]  		Preparing numerical values for column mul_tags.ExcerptPostId
2022-05-05 20:02:14,892 [DEBUG]  		Preparing numerical values for column mul_tags.ExcerptPostId_nn
2022-05-05 20:02:14,895 [DEBUG]  		Preparing numerical values for column mul_postLinks.PostId
2022-05-05 20:02:14,897 [DEBUG]  		Preparing numerical values for column mul_postLinks.PostId_nn
2022-05-05 20:02:14,899 [DEBUG]  		Preparing numerical values for column mul_postLinks.RelatedPostId
2022-05-05 20:02:14,901 [DEBUG]  		Preparing numerical values for column mul_postLinks.RelatedPostId_nn
2022-05-05 20:02:14,903 [DEBUG]  		Preparing numerical values for column mul_postHistory.PostId
2022-05-05 20:02:14,905 [DEBUG]  		Preparing numerical values for column mul_postHistory.PostId_nn
2022-05-05 20:02:14,907 [DEBUG]  		Preparing numerical values for column mul_votes.PostId
2022-05-05 20:02:14,910 [DEBUG]  		Preparing numerical values for column mul_votes.PostId_nn
2022-05-05 20:02:14,912 [INFO ]  Relevant attributes for table posts are ['PostTypeId', 'Score', 'ViewCount', 'AnswerCount', 'CommentCount', 'FavoriteCount', 'mul_comments.PostId', 'mul_comments.PostId_nn', 'mul_tags.ExcerptPostId', 'mul_tags.ExcerptPostId_nn', 'mul_postLinks.PostId', 'mul_postLinks.PostId_nn', 'mul_postLinks.RelatedPostId', 'mul_postLinks.RelatedPostId_nn', 'mul_postHistory.PostId', 'mul_postHistory.PostId_nn', 'mul_votes.PostId', 'mul_votes.PostId_nn']
2022-05-05 20:02:14,912 [INFO ]  NULL values for table posts are [0, 0, 0, 0, 0, 0, -100001.83429767986, -100002.27023275058, -100000.0001, -100001.0001, -100000.08119636105, -100001.02433431945, -100000.10984482752, -100001.06136531633, -100002.36126637855, -100002.62248385683, -100002.01783269404, -100002.49943135458]
