2022-05-05 20:05:40,833 [INFO ]  Generating HDF files for tables in /home/ubuntu/End-to-End-CardEst-Benchmark/datasets/stats_simplified and store to path /home/ubuntu/End-to-End-CardEst-Benchmark/datasets/stats_simplified/gen_hdf
2022-05-05 20:05:40,833 [INFO ]  Removing target path /home/ubuntu/End-to-End-CardEst-Benchmark/datasets/stats_simplified/gen_hdf
2022-05-05 20:05:40,833 [INFO ]  Making target path /home/ubuntu/End-to-End-CardEst-Benchmark/datasets/stats_simplified/gen_hdf
2022-05-05 20:05:40,833 [INFO ]  Preparing hdf file for table badges
2022-05-05 20:05:40,904 [INFO ]  Managing functional dependencies for table badges
2022-05-05 20:05:40,905 [INFO ]  Preparing multipliers for table badges
2022-05-05 20:05:40,908 [INFO ]  Preparing categorical values and null values for table badges
2022-05-05 20:05:40,909 [DEBUG]  		Preparing categorical values for column UserId
2022-05-05 20:05:40,913 [INFO ]  Ignoring column UserId for table badges because there are too many categorical values
2022-05-05 20:05:40,913 [DEBUG]  		Preparing categorical values for column Date
2022-05-05 20:05:40,919 [INFO ]  Ignoring column Date for table badges because there are too many categorical values
2022-05-05 20:05:40,920 [INFO ]  Relevant attributes for table badges are []
2022-05-05 20:05:40,920 [INFO ]  NULL values for table badges are []
2022-05-05 20:05:40,934 [INFO ]  Note: NumExpr detected 20 cores but "NUMEXPR_MAX_THREADS" not set, so enforcing safe limit of 8.
2022-05-05 20:05:40,950 [INFO ]  Adding table parts without join partners for table badges
2022-05-05 20:05:40,951 [INFO ]  Preparing hdf file for table votes
2022-05-05 20:05:41,258 [INFO ]  Managing functional dependencies for table votes
2022-05-05 20:05:41,283 [INFO ]  Preparing multipliers for table votes
2022-05-05 20:05:41,302 [INFO ]  Preparing categorical values and null values for table votes
2022-05-05 20:05:41,303 [DEBUG]  		Preparing categorical values for column PostId
2022-05-05 20:05:41,321 [INFO ]  Ignoring column PostId for table votes because there are too many categorical values
2022-05-05 20:05:41,321 [DEBUG]  		Preparing categorical values for column VoteTypeId
2022-05-05 20:05:41,432 [DEBUG]  		Preparing categorical values for column CreationDate
2022-05-05 20:05:41,540 [DEBUG]  		Preparing categorical values for column UserId
2022-05-05 20:05:41,630 [DEBUG]  		Preparing categorical values for column BountyAmount
2022-05-05 20:05:41,712 [INFO ]  Relevant attributes for table votes are ['VoteTypeId', 'CreationDate', 'UserId', 'BountyAmount']
2022-05-05 20:05:41,712 [INFO ]  NULL values for table votes are [0, 0, 0, 0]
2022-05-05 20:05:41,903 [INFO ]  Adding table parts without join partners for table votes
2022-05-05 20:05:41,904 [INFO ]  Preparing hdf file for table postHistory
2022-05-05 20:05:42,216 [INFO ]  Managing functional dependencies for table postHistory
2022-05-05 20:05:42,228 [INFO ]  Preparing multipliers for table postHistory
2022-05-05 20:05:42,247 [INFO ]  Preparing categorical values and null values for table postHistory
2022-05-05 20:05:42,247 [DEBUG]  		Preparing categorical values for column PostHistoryTypeId
2022-05-05 20:05:42,358 [DEBUG]  		Preparing categorical values for column PostId
2022-05-05 20:05:42,377 [INFO ]  Ignoring column PostId for table postHistory because there are too many categorical values
2022-05-05 20:05:42,377 [DEBUG]  		Preparing categorical values for column CreationDate
2022-05-05 20:05:42,407 [INFO ]  Ignoring column CreationDate for table postHistory because there are too many categorical values
2022-05-05 20:05:42,407 [DEBUG]  		Preparing categorical values for column UserId
2022-05-05 20:05:42,427 [INFO ]  Ignoring column UserId for table postHistory because there are too many categorical values
2022-05-05 20:05:42,427 [INFO ]  Relevant attributes for table postHistory are ['PostHistoryTypeId']
2022-05-05 20:05:42,427 [INFO ]  NULL values for table postHistory are [0]
2022-05-05 20:05:42,591 [INFO ]  Adding table parts without join partners for table postHistory
2022-05-05 20:05:42,593 [INFO ]  Preparing hdf file for table posts
2022-05-05 20:05:42,785 [INFO ]  Managing functional dependencies for table posts
2022-05-05 20:05:42,791 [INFO ]  Preparing multipliers for table posts
2022-05-05 20:05:42,791 [INFO ]  Preparing multiplier comments.PostId = posts.Id for table posts
2022-05-05 20:05:43,475 [INFO ]  Preparing multiplier tags.ExcerptPostId = posts.Id for table posts
2022-05-05 20:05:43,747 [INFO ]  Preparing multiplier postLinks.PostId = posts.Id for table posts
2022-05-05 20:05:44,040 [INFO ]  Preparing multiplier postLinks.RelatedPostId = posts.Id for table posts
2022-05-05 20:05:44,337 [INFO ]  Preparing multiplier postHistory.PostId = posts.Id for table posts
2022-05-05 20:05:45,108 [INFO ]  Preparing multiplier votes.PostId = posts.Id for table posts
2022-05-05 20:05:45,928 [INFO ]  Preparing categorical values and null values for table posts
2022-05-05 20:05:45,928 [DEBUG]  		Preparing categorical values for column Id
2022-05-05 20:05:45,939 [INFO ]  Ignoring column Id for table posts because there are too many categorical values
2022-05-05 20:05:45,940 [DEBUG]  		Preparing categorical values for column PostTypeId
2022-05-05 20:05:45,974 [DEBUG]  		Preparing categorical values for column CreationDate
2022-05-05 20:05:45,986 [INFO ]  Ignoring column CreationDate for table posts because there are too many categorical values
2022-05-05 20:05:45,986 [DEBUG]  		Preparing categorical values for column Score
2022-05-05 20:05:46,020 [DEBUG]  		Preparing categorical values for column ViewCount
2022-05-05 20:05:46,055 [DEBUG]  		Preparing categorical values for column OwnerUserId
2022-05-05 20:05:46,062 [INFO ]  Ignoring column OwnerUserId for table posts because there are too many categorical values
2022-05-05 20:05:46,062 [DEBUG]  		Preparing categorical values for column AnswerCount
2022-05-05 20:05:46,095 [DEBUG]  		Preparing categorical values for column CommentCount
2022-05-05 20:05:46,127 [DEBUG]  		Preparing categorical values for column FavoriteCount
2022-05-05 20:05:46,156 [DEBUG]  		Preparing numerical values for column mul_comments.PostId
2022-05-05 20:05:46,159 [DEBUG]  		Preparing numerical values for column mul_comments.PostId_nn
2022-05-05 20:05:46,161 [DEBUG]  		Preparing numerical values for column mul_tags.ExcerptPostId
2022-05-05 20:05:46,164 [DEBUG]  		Preparing numerical values for column mul_tags.ExcerptPostId_nn
2022-05-05 20:05:46,166 [DEBUG]  		Preparing numerical values for column mul_postLinks.PostId
2022-05-05 20:05:46,168 [DEBUG]  		Preparing numerical values for column mul_postLinks.PostId_nn
2022-05-05 20:05:46,170 [DEBUG]  		Preparing numerical values for column mul_postLinks.RelatedPostId
2022-05-05 20:05:46,172 [DEBUG]  		Preparing numerical values for column mul_postLinks.RelatedPostId_nn
2022-05-05 20:05:46,174 [DEBUG]  		Preparing numerical values for column mul_postHistory.PostId
2022-05-05 20:05:46,176 [DEBUG]  		Preparing numerical values for column mul_postHistory.PostId_nn
2022-05-05 20:05:46,178 [DEBUG]  		Preparing numerical values for column mul_votes.PostId
2022-05-05 20:05:46,180 [DEBUG]  		Preparing numerical values for column mul_votes.PostId_nn
2022-05-05 20:05:46,182 [INFO ]  Relevant attributes for table posts are ['PostTypeId', 'Score', 'ViewCount', 'AnswerCount', 'CommentCount', 'FavoriteCount', 'mul_comments.PostId', 'mul_comments.PostId_nn', 'mul_tags.ExcerptPostId', 'mul_tags.ExcerptPostId_nn', 'mul_postLinks.PostId', 'mul_postLinks.PostId_nn', 'mul_postLinks.RelatedPostId', 'mul_postLinks.RelatedPostId_nn', 'mul_postHistory.PostId', 'mul_postHistory.PostId_nn', 'mul_votes.PostId', 'mul_votes.PostId_nn']
2022-05-05 20:05:46,182 [INFO ]  NULL values for table posts are [0, 0, 0, 0, 0, 0, -100001.83429767986, -100002.27023275058, -100000.0001, -100001.0001, -100000.08119636105, -100001.02433431945, -100000.10984482752, -100001.06136531633, -100002.36126637855, -100002.62248385683, -100002.01783269404, -100002.49943135458]
