2022-05-05 20:29:05,863 [INFO ]  Generating HDF files for tables in /home/ubuntu/End-to-End-CardEst-Benchmark/datasets/stats_simplified and store to path /home/ubuntu/End-to-End-CardEst-Benchmark/datasets/stats_simplified/gen_hdf
2022-05-05 20:29:05,863 [INFO ]  Removing target path /home/ubuntu/End-to-End-CardEst-Benchmark/datasets/stats_simplified/gen_hdf
2022-05-05 20:29:05,868 [INFO ]  Making target path /home/ubuntu/End-to-End-CardEst-Benchmark/datasets/stats_simplified/gen_hdf
2022-05-05 20:29:05,870 [INFO ]  Preparing hdf file for table badges
2022-05-05 20:29:05,947 [INFO ]  Managing functional dependencies for table badges
2022-05-05 20:29:05,948 [INFO ]  Preparing multipliers for table badges
2022-05-05 20:29:05,951 [INFO ]  Preparing categorical values and null values for table badges
2022-05-05 20:29:05,952 [DEBUG]  		Preparing categorical values for column UserId
2022-05-05 20:29:05,956 [INFO ]  Ignoring column UserId for table badges because there are too many categorical values
2022-05-05 20:29:05,957 [DEBUG]  		Preparing categorical values for column Date
2022-05-05 20:29:05,963 [INFO ]  Ignoring column Date for table badges because there are too many categorical values
2022-05-05 20:29:05,964 [INFO ]  Relevant attributes for table badges are []
2022-05-05 20:29:05,964 [INFO ]  NULL values for table badges are []
2022-05-05 20:29:05,977 [INFO ]  Note: NumExpr detected 20 cores but "NUMEXPR_MAX_THREADS" not set, so enforcing safe limit of 8.
2022-05-05 20:29:05,994 [INFO ]  Adding table parts without join partners for table badges
2022-05-05 20:29:05,996 [INFO ]  Preparing hdf file for table votes
2022-05-05 20:29:06,305 [INFO ]  Managing functional dependencies for table votes
2022-05-05 20:29:06,331 [INFO ]  Preparing multipliers for table votes
2022-05-05 20:29:06,351 [INFO ]  Preparing categorical values and null values for table votes
2022-05-05 20:29:06,352 [DEBUG]  		Preparing categorical values for column PostId
2022-05-05 20:29:06,373 [INFO ]  Ignoring column PostId for table votes because there are too many categorical values
2022-05-05 20:29:06,373 [DEBUG]  		Preparing categorical values for column VoteTypeId
2022-05-05 20:29:06,485 [DEBUG]  		Preparing categorical values for column CreationDate
2022-05-05 20:29:06,595 [DEBUG]  		Preparing categorical values for column UserId
2022-05-05 20:29:06,687 [DEBUG]  		Preparing categorical values for column BountyAmount
2022-05-05 20:29:06,771 [INFO ]  Relevant attributes for table votes are ['VoteTypeId', 'CreationDate', 'UserId', 'BountyAmount']
2022-05-05 20:29:06,771 [INFO ]  NULL values for table votes are [0, 0, 0, 0]
2022-05-05 20:29:06,805 [INFO ]  Adding table parts without join partners for table votes
2022-05-05 20:29:06,807 [INFO ]  Preparing hdf file for table postHistory
2022-05-05 20:29:07,083 [INFO ]  Managing functional dependencies for table postHistory
2022-05-05 20:29:07,094 [INFO ]  Preparing multipliers for table postHistory
2022-05-05 20:29:07,113 [INFO ]  Preparing categorical values and null values for table postHistory
2022-05-05 20:29:07,114 [DEBUG]  		Preparing categorical values for column PostHistoryTypeId
2022-05-05 20:29:07,213 [DEBUG]  		Preparing categorical values for column PostId
2022-05-05 20:29:07,230 [INFO ]  Ignoring column PostId for table postHistory because there are too many categorical values
2022-05-05 20:29:07,230 [DEBUG]  		Preparing categorical values for column CreationDate
2022-05-05 20:29:07,259 [INFO ]  Ignoring column CreationDate for table postHistory because there are too many categorical values
2022-05-05 20:29:07,259 [DEBUG]  		Preparing categorical values for column UserId
2022-05-05 20:29:07,278 [INFO ]  Ignoring column UserId for table postHistory because there are too many categorical values
2022-05-05 20:29:07,278 [INFO ]  Relevant attributes for table postHistory are ['PostHistoryTypeId']
2022-05-05 20:29:07,278 [INFO ]  NULL values for table postHistory are [0]
2022-05-05 20:29:07,300 [INFO ]  Adding table parts without join partners for table postHistory
2022-05-05 20:29:07,301 [INFO ]  Preparing hdf file for table posts
2022-05-05 20:29:07,459 [INFO ]  Managing functional dependencies for table posts
2022-05-05 20:29:07,465 [INFO ]  Preparing multipliers for table posts
2022-05-05 20:29:07,465 [INFO ]  Preparing multiplier comments.PostId = posts.Id for table posts
2022-05-05 20:29:08,115 [INFO ]  Preparing multiplier tags.ExcerptPostId = posts.Id for table posts
2022-05-05 20:29:08,386 [INFO ]  Preparing multiplier postLinks.PostId = posts.Id for table posts
2022-05-05 20:29:08,686 [INFO ]  Preparing multiplier postLinks.RelatedPostId = posts.Id for table posts
2022-05-05 20:29:08,992 [INFO ]  Preparing multiplier postHistory.PostId = posts.Id for table posts
2022-05-05 20:29:09,733 [INFO ]  Preparing multiplier votes.PostId = posts.Id for table posts
2022-05-05 20:29:10,537 [INFO ]  Preparing categorical values and null values for table posts
2022-05-05 20:29:10,538 [DEBUG]  		Preparing categorical values for column Id
2022-05-05 20:29:10,548 [INFO ]  Ignoring column Id for table posts because there are too many categorical values
2022-05-05 20:29:10,548 [DEBUG]  		Preparing categorical values for column PostTypeId
2022-05-05 20:29:10,582 [DEBUG]  		Preparing categorical values for column CreationDate
2022-05-05 20:29:10,593 [INFO ]  Ignoring column CreationDate for table posts because there are too many categorical values
2022-05-05 20:29:10,593 [DEBUG]  		Preparing categorical values for column Score
2022-05-05 20:29:10,626 [DEBUG]  		Preparing categorical values for column ViewCount
2022-05-05 20:29:10,662 [DEBUG]  		Preparing categorical values for column OwnerUserId
2022-05-05 20:29:10,667 [INFO ]  Ignoring column OwnerUserId for table posts because there are too many categorical values
2022-05-05 20:29:10,668 [DEBUG]  		Preparing categorical values for column AnswerCount
2022-05-05 20:29:10,701 [DEBUG]  		Preparing categorical values for column CommentCount
2022-05-05 20:29:10,732 [DEBUG]  		Preparing categorical values for column FavoriteCount
2022-05-05 20:29:10,761 [DEBUG]  		Preparing numerical values for column mul_comments.PostId
2022-05-05 20:29:10,764 [DEBUG]  		Preparing numerical values for column mul_comments.PostId_nn
2022-05-05 20:29:10,766 [DEBUG]  		Preparing numerical values for column mul_tags.ExcerptPostId
2022-05-05 20:29:10,768 [DEBUG]  		Preparing numerical values for column mul_tags.ExcerptPostId_nn
2022-05-05 20:29:10,770 [DEBUG]  		Preparing numerical values for column mul_postLinks.PostId
2022-05-05 20:29:10,772 [DEBUG]  		Preparing numerical values for column mul_postLinks.PostId_nn
2022-05-05 20:29:10,774 [DEBUG]  		Preparing numerical values for column mul_postLinks.RelatedPostId
2022-05-05 20:29:10,776 [DEBUG]  		Preparing numerical values for column mul_postLinks.RelatedPostId_nn
2022-05-05 20:29:10,778 [DEBUG]  		Preparing numerical values for column mul_postHistory.PostId
2022-05-05 20:29:10,780 [DEBUG]  		Preparing numerical values for column mul_postHistory.PostId_nn
2022-05-05 20:29:10,782 [DEBUG]  		Preparing numerical values for column mul_votes.PostId
2022-05-05 20:29:10,784 [DEBUG]  		Preparing numerical values for column mul_votes.PostId_nn
2022-05-05 20:29:10,786 [INFO ]  Relevant attributes for table posts are ['PostTypeId', 'Score', 'ViewCount', 'AnswerCount', 'CommentCount', 'FavoriteCount', 'mul_comments.PostId', 'mul_comments.PostId_nn', 'mul_tags.ExcerptPostId', 'mul_tags.ExcerptPostId_nn', 'mul_postLinks.PostId', 'mul_postLinks.PostId_nn', 'mul_postLinks.RelatedPostId', 'mul_postLinks.RelatedPostId_nn', 'mul_postHistory.PostId', 'mul_postHistory.PostId_nn', 'mul_votes.PostId', 'mul_votes.PostId_nn']
2022-05-05 20:29:10,786 [INFO ]  NULL values for table posts are [0, 0, 0, 0, 0, 0, -100001.83429767986, -100002.27023275058, -100000.0001, -100001.0001, -100000.08119636105, -100001.02433431945, -100000.10984482752, -100001.06136531633, -100002.36126637855, -100002.62248385683, -100002.01783269404, -100002.49943135458]
2022-05-05 20:29:10,838 [INFO ]  Adding table parts without join partners for table posts
2022-05-05 20:29:10,838 [INFO ]  Adding table parts without join partners for table posts and relationship comments.PostId = posts.Id
